* using log directory ‘/Users/rakesh_poduval/Desktop/BCM/release/BCM/BCM.Rcheck’
* using R version 4.0.2 (2020-06-22)
* using platform: x86_64-apple-darwin17.0 (64-bit)
* using session charset: UTF-8
* using options ‘--no-manual --as-cran’
* checking for file ‘BCM/DESCRIPTION’ ... OK
* this is package ‘BCM’ version ‘17.1.0’
* package encoding: UTF-8
* checking package namespace information ... OK
* checking package dependencies ... OK
* checking if this is a source package ... OK
* checking if there is a namespace ... OK
* checking for executable files ... OK
* checking for hidden files and directories ... OK
* checking for portable file names ... OK
* checking for sufficient/correct file permissions ... OK
* checking whether package ‘BCM’ can be installed ... OK
* checking installed package size ... OK
* checking package directory ... OK
* checking for future file timestamps ... OK
* checking DESCRIPTION meta-information ... NOTE
Malformed Description field: should contain one or more complete sentences.
* checking top-level files ... OK
* checking for left-over files ... OK
* checking index information ... OK
* checking package subdirectories ... OK
* checking R files for non-ASCII characters ... OK
* checking R files for syntax errors ... OK
* checking whether the package can be loaded ... OK
* checking whether the package can be loaded with stated dependencies ... OK
* checking whether the package can be unloaded cleanly ... OK
* checking whether the namespace can be loaded with stated dependencies ... OK
* checking whether the namespace can be unloaded cleanly ... OK
* checking loading without being on the library search path ... OK
* checking dependencies in R code ... OK
* checking S3 generic/method consistency ... WARNING
print:
  function(x, ...)
print.bcmpapers:
  function(x)

print:
  function(x, ...)
print.bcmprogram:
  function(x)

print:
  function(x, ...)
print.bcmresult:
  function(x)

See section ‘Generic functions and methods’ in the ‘Writing R
Extensions’ manual.
* checking replacement functions ... OK
* checking foreign function calls ... OK
* checking R code for possible problems ... NOTE
bcm_papers: no visible binding for global variable ‘Program’
bcm_papers: no visible binding for global variable ‘Semester’
bcm_papers: no visible binding for global variable ‘PaperCode’
bcm_papers: no visible binding for global variable ‘Paper’
bcm_papers: no visible binding for global variable ‘PaperCredit’
bcm_programs: no visible binding for global variable ‘Program’
bcm_programs: no visible binding for global variable ‘Paper’
bcm_results: no visible binding for global variable ‘Program’
bcm_results: no visible binding for global variable ‘Year’
bcm_results: no visible binding for global variable ‘Grade’
bcm_results: no visible binding for global variable ‘Paper’
bcm_results: no visible binding for global variable ‘StudentId’
bcm_results: no visible binding for global variable ‘N’
bcm_results: no visible binding for global variable ‘.’
print.bcmpapers: no visible binding for global variable ‘Semester’
print.bcmpapers: no visible binding for global variable ‘PaperCredit’
Undefined global functions or variables:
  . Grade N Paper PaperCode PaperCredit Program Semester StudentId Year
* checking Rd files ... OK
* checking Rd metadata ... OK
* checking Rd line widths ... OK
* checking Rd cross-references ... OK
* checking for missing documentation entries ... OK
* checking for code/documentation mismatches ... OK
* checking Rd \usage sections ... WARNING
Undocumented arguments in documentation object 'print.bcmpapers'
  ‘x’

Undocumented arguments in documentation object 'print.bcmprogram'
  ‘x’

Undocumented arguments in documentation object 'print.bcmresult'
  ‘x’

Functions with \usage entries need to have the appropriate \alias
entries, and all their arguments documented.
The \usage entries must correspond to syntactically valid R code.
See chapter ‘Writing R documentation files’ in the ‘Writing R
Extensions’ manual.
* checking Rd contents ... OK
* checking for unstated dependencies in examples ... OK
* checking R/sysdata.rda ... OK
* checking examples ... OK
* checking for non-standard things in the check directory ... OK
* checking for detritus in the temp directory ... OK
* DONE
Status: 2 WARNINGs, 2 NOTEs
